<?xml version="1.0" encoding="UTF-8"?>
<testng-results ignored="0" total="1" passed="1" failed="0" skipped="0">
  <reporter-output>
  </reporter-output>
  <suite started-at="2023-04-08T23:39:47 EDT" name="Default suite" finished-at="2023-04-08T23:40:24 EDT" duration-ms="37830">
    <groups>
    </groups>
    <test started-at="2023-04-08T23:39:47 EDT" name="Default test" finished-at="2023-04-08T23:40:24 EDT" duration-ms="37830">
      <class name="testng.UpdateLocationTestNG">
        <test-method is-config="true" signature="beforeTest()[pri:0, instance:testng.UpdateLocationTestNG@729d991e]" started-at="2023-04-08T23:39:47 EDT" name="beforeTest" finished-at="2023-04-08T23:39:58 EDT" duration-ms="11677" status="PASS">
          <reporter-output>
          </reporter-output>
        </test-method> <!-- beforeTest -->
        <test-method signature="updateLocation()[pri:0, instance:testng.UpdateLocationTestNG@729d991e]" started-at="2023-04-08T23:39:58 EDT" name="updateLocation" finished-at="2023-04-08T23:40:24 EDT" duration-ms="25790" status="PASS">
          <reporter-output>
          </reporter-output>
        </test-method> <!-- updateLocation -->
        <test-method is-config="true" signature="afterTest()[pri:0, instance:testng.UpdateLocationTestNG@729d991e]" started-at="2023-04-08T23:40:24 EDT" name="afterTest" finished-at="2023-04-08T23:40:24 EDT" duration-ms="254" status="PASS">
          <reporter-output>
          </reporter-output>
        </test-method> <!-- afterTest -->
      </class> <!-- testng.UpdateLocationTestNG -->
    </test> <!-- Default test -->
  </suite> <!-- Default suite -->
</testng-results>
